0 info it worked if it ends with ok
1 verbose cli [ '/usr/local/Cellar/node/5.9.0/bin/node',
1 verbose cli   '/usr/local/bin/npm',
1 verbose cli   'run',
1 verbose cli   'hot-server' ]
2 info using npm@3.10.3
3 info using node@v6.6.0
4 verbose run-script [ 'prehot-server', 'hot-server', 'posthot-server' ]
5 info lifecycle starters.koeln@1.0.0~prehot-server: starters.koeln@1.0.0
6 silly lifecycle starters.koeln@1.0.0~prehot-server: no script for prehot-server, continuing
7 info lifecycle starters.koeln@1.0.0~hot-server: starters.koeln@1.0.0
8 verbose lifecycle starters.koeln@1.0.0~hot-server: unsafe-perm in lifecycle true
9 verbose lifecycle starters.koeln@1.0.0~hot-server: PATH: /usr/local/lib/node_modules/npm/bin/node-gyp-bin:/Users/kaisky89/Sites/starters.koeln/node_modules/.bin:/usr/local/Cellar/node/5.9.0/bin:/usr/local/sbin:/Users/kaisky89/.scripts/:/Users/kaisky89/.scripts/userscripts:/Users/kaisky89/.scripts/optimize:/Users/kaisky89/.scripts/render-description:/usr/local/opt/ruby/bin:/usr/local/bin:/usr/bin:/bin:/usr/sbin:/sbin
10 verbose lifecycle starters.koeln@1.0.0~hot-server: CWD: /Users/kaisky89/Sites/starters.koeln
11 silly lifecycle starters.koeln@1.0.0~hot-server: Args: [ '-c', 'webpack-dev-server --hot --inline ' ]
12 silly lifecycle starters.koeln@1.0.0~hot-server: Returned: code: 1  signal: null
13 info lifecycle starters.koeln@1.0.0~hot-server: Failed to exec hot-server script
14 verbose stack Error: starters.koeln@1.0.0 hot-server: `webpack-dev-server --hot --inline `
14 verbose stack Exit status 1
14 verbose stack     at EventEmitter.<anonymous> (/usr/local/lib/node_modules/npm/lib/utils/lifecycle.js:242:16)
14 verbose stack     at emitTwo (events.js:106:13)
14 verbose stack     at EventEmitter.emit (events.js:191:7)
14 verbose stack     at ChildProcess.<anonymous> (/usr/local/lib/node_modules/npm/lib/utils/spawn.js:40:14)
14 verbose stack     at emitTwo (events.js:106:13)
14 verbose stack     at ChildProcess.emit (events.js:191:7)
14 verbose stack     at maybeClose (internal/child_process.js:877:16)
14 verbose stack     at Process.ChildProcess._handle.onexit (internal/child_process.js:226:5)
15 verbose pkgid starters.koeln@1.0.0
16 verbose cwd /Users/kaisky89/Sites/starters.koeln
17 error Darwin 15.6.0
18 error argv "/usr/local/Cellar/node/5.9.0/bin/node" "/usr/local/bin/npm" "run" "hot-server"
19 error node v6.6.0
20 error npm  v3.10.3
21 error code ELIFECYCLE
22 error starters.koeln@1.0.0 hot-server: `webpack-dev-server --hot --inline `
22 error Exit status 1
23 error Failed at the starters.koeln@1.0.0 hot-server script 'webpack-dev-server --hot --inline '.
23 error Make sure you have the latest version of node.js and npm installed.
23 error If you do, this is most likely a problem with the starters.koeln package,
23 error not with npm itself.
23 error Tell the author that this fails on your system:
23 error     webpack-dev-server --hot --inline
23 error You can get information on how to open an issue for this project with:
23 error     npm bugs starters.koeln
23 error Or if that isn't available, you can get their info via:
23 error     npm owner ls starters.koeln
23 error There is likely additional logging output above.
24 verbose exit [ 1, true ]
